mode: set
okami-qstn-bnk/internal/pkg/types/types.go:14.38,15.11 1 1
okami-qstn-bnk/internal/pkg/types/types.go:16.25,17.13 1 1
okami-qstn-bnk/internal/pkg/types/types.go:18.24,19.13 1 1
okami-qstn-bnk/internal/pkg/types/types.go:22.2,22.54 1 1
okami-qstn-bnk/internal/pkg/types/types.go:25.38,26.11 1 1
okami-qstn-bnk/internal/pkg/types/types.go:27.23,28.13 1 1
okami-qstn-bnk/internal/pkg/types/types.go:29.22,30.13 1 1
okami-qstn-bnk/internal/pkg/types/types.go:31.14,32.13 1 1
okami-qstn-bnk/internal/pkg/types/types.go:35.2,35.54 1 1
okami-qstn-bnk/internal/pkg/types/types.go:38.44,39.11 1 1
okami-qstn-bnk/internal/pkg/types/types.go:40.27,41.13 1 1
okami-qstn-bnk/internal/pkg/types/types.go:42.24,43.13 1 1
okami-qstn-bnk/internal/pkg/types/types.go:46.2,46.54 1 1
okami-qstn-bnk/internal/service/interface.go:26.77,31.2 1 0
okami-qstn-bnk/internal/service/service.go:17.114,19.73 2 1
okami-qstn-bnk/internal/service/service.go:19.73,21.3 1 1
okami-qstn-bnk/internal/service/service.go:22.2,22.12 1 1
okami-qstn-bnk/internal/service/service.go:25.92,27.16 2 1
okami-qstn-bnk/internal/service/service.go:27.16,29.3 1 1
okami-qstn-bnk/internal/service/service.go:31.2,31.20 1 1
okami-qstn-bnk/internal/service/service.go:34.156,36.16 2 1
okami-qstn-bnk/internal/service/service.go:36.16,38.3 1 1
okami-qstn-bnk/internal/service/service.go:40.2,40.20 1 1
okami-qstn-bnk/internal/service/service.go:43.108,45.16 2 1
okami-qstn-bnk/internal/service/service.go:45.16,47.3 1 1
okami-qstn-bnk/internal/service/service.go:49.2,49.20 1 1
okami-qstn-bnk/internal/service/service.go:52.75,53.58 1 1
okami-qstn-bnk/internal/service/service.go:53.58,55.3 1 1
okami-qstn-bnk/internal/service/service.go:57.2,57.12 1 1
okami-qstn-bnk/internal/service/service.go:60.92,62.65 2 1
okami-qstn-bnk/internal/service/service.go:62.65,64.3 1 1
okami-qstn-bnk/internal/service/service.go:65.2,65.12 1 1
okami-qstn-bnk/internal/service/service.go:68.96,70.16 2 1
okami-qstn-bnk/internal/service/service.go:70.16,72.3 1 1
okami-qstn-bnk/internal/service/service.go:74.2,74.20 1 1
okami-qstn-bnk/internal/service/service.go:77.157,79.16 2 1
okami-qstn-bnk/internal/service/service.go:79.16,81.3 1 1
okami-qstn-bnk/internal/service/service.go:83.2,83.20 1 1
okami-qstn-bnk/internal/service/service.go:86.116,88.16 2 1
okami-qstn-bnk/internal/service/service.go:88.16,90.3 1 1
okami-qstn-bnk/internal/service/service.go:92.2,92.20 1 1
okami-qstn-bnk/internal/service/service.go:95.75,96.58 1 1
okami-qstn-bnk/internal/service/service.go:96.58,98.3 1 1
okami-qstn-bnk/internal/service/service.go:100.2,100.12 1 1
okami-qstn-bnk/internal/service/service.go:103.129,105.16 2 1
okami-qstn-bnk/internal/service/service.go:105.16,107.3 1 1
okami-qstn-bnk/internal/service/service.go:109.2,109.44 1 1
okami-qstn-bnk/internal/storage/gorm/gorm.go:19.56,22.16 2 1
okami-qstn-bnk/internal/storage/gorm/gorm.go:22.16,25.3 2 0
okami-qstn-bnk/internal/storage/gorm/gorm.go:27.2,30.3 1 1
okami-qstn-bnk/internal/storage/gorm/gorm.go:33.104,34.63 1 1
okami-qstn-bnk/internal/storage/gorm/gorm.go:34.63,37.3 2 0
okami-qstn-bnk/internal/storage/gorm/gorm.go:39.2,39.20 1 1
okami-qstn-bnk/internal/storage/gorm/gorm.go:39.20,40.31 1 1
okami-qstn-bnk/internal/storage/gorm/gorm.go:40.31,44.81 3 1
okami-qstn-bnk/internal/storage/gorm/gorm.go:44.81,47.5 2 0
okami-qstn-bnk/internal/storage/gorm/gorm.go:51.2,51.12 1 1
okami-qstn-bnk/internal/storage/gorm/gorm.go:54.93,57.82 2 1
okami-qstn-bnk/internal/storage/gorm/gorm.go:57.82,58.45 1 1
okami-qstn-bnk/internal/storage/gorm/gorm.go:58.45,61.4 2 1
okami-qstn-bnk/internal/storage/gorm/gorm.go:63.3,64.18 2 0
okami-qstn-bnk/internal/storage/gorm/gorm.go:67.2,67.16 1 1
okami-qstn-bnk/internal/storage/gorm/gorm.go:70.153,75.17 3 1
okami-qstn-bnk/internal/storage/gorm/gorm.go:75.17,77.3 1 1
okami-qstn-bnk/internal/storage/gorm/gorm.go:78.2,78.18 1 1
okami-qstn-bnk/internal/storage/gorm/gorm.go:78.18,80.3 1 1
okami-qstn-bnk/internal/storage/gorm/gorm.go:81.2,81.23 1 1
okami-qstn-bnk/internal/storage/gorm/gorm.go:81.23,83.3 1 1
okami-qstn-bnk/internal/storage/gorm/gorm.go:85.2,86.16 2 1
okami-qstn-bnk/internal/storage/gorm/gorm.go:86.16,89.3 2 0
okami-qstn-bnk/internal/storage/gorm/gorm.go:91.2,91.16 1 1
okami-qstn-bnk/internal/storage/gorm/gorm.go:94.97,96.25 2 1
okami-qstn-bnk/internal/storage/gorm/gorm.go:96.25,97.54 1 0
okami-qstn-bnk/internal/storage/gorm/gorm.go:97.54,100.4 2 0
okami-qstn-bnk/internal/storage/gorm/gorm.go:102.3,103.27 2 0
okami-qstn-bnk/internal/storage/gorm/gorm.go:106.2,108.16 3 1
okami-qstn-bnk/internal/storage/gorm/gorm.go:108.16,111.3 2 1
okami-qstn-bnk/internal/storage/gorm/gorm.go:113.2,113.29 1 1
okami-qstn-bnk/internal/storage/gorm/gorm.go:116.72,118.25 2 1
okami-qstn-bnk/internal/storage/gorm/gorm.go:118.25,119.54 1 0
okami-qstn-bnk/internal/storage/gorm/gorm.go:119.54,122.4 2 0
okami-qstn-bnk/internal/storage/gorm/gorm.go:124.3,125.22 2 0
okami-qstn-bnk/internal/storage/gorm/gorm.go:128.2,129.27 2 1
okami-qstn-bnk/internal/storage/gorm/gorm.go:129.27,130.56 1 0
okami-qstn-bnk/internal/storage/gorm/gorm.go:130.56,133.4 2 0
okami-qstn-bnk/internal/storage/gorm/gorm.go:135.3,136.24 2 0
okami-qstn-bnk/internal/storage/gorm/gorm.go:139.2,139.12 1 1
okami-qstn-bnk/internal/storage/gorm/gorm.go:142.81,143.63 1 1
okami-qstn-bnk/internal/storage/gorm/gorm.go:143.63,146.3 2 0
okami-qstn-bnk/internal/storage/gorm/gorm.go:147.2,147.12 1 1
okami-qstn-bnk/internal/storage/gorm/gorm.go:150.97,153.82 2 1
okami-qstn-bnk/internal/storage/gorm/gorm.go:153.82,154.45 1 1
okami-qstn-bnk/internal/storage/gorm/gorm.go:154.45,157.4 2 1
okami-qstn-bnk/internal/storage/gorm/gorm.go:159.3,160.18 2 0
okami-qstn-bnk/internal/storage/gorm/gorm.go:163.2,163.16 1 1
okami-qstn-bnk/internal/storage/gorm/gorm.go:166.154,171.17 3 1
okami-qstn-bnk/internal/storage/gorm/gorm.go:171.17,173.3 1 1
okami-qstn-bnk/internal/storage/gorm/gorm.go:175.2,175.20 1 1
okami-qstn-bnk/internal/storage/gorm/gorm.go:175.20,177.3 1 1
okami-qstn-bnk/internal/storage/gorm/gorm.go:179.2,179.46 1 1
okami-qstn-bnk/internal/storage/gorm/gorm.go:179.46,182.3 2 0
okami-qstn-bnk/internal/storage/gorm/gorm.go:184.2,184.16 1 1
okami-qstn-bnk/internal/storage/gorm/gorm.go:187.105,189.25 2 1
okami-qstn-bnk/internal/storage/gorm/gorm.go:189.25,190.54 1 0
okami-qstn-bnk/internal/storage/gorm/gorm.go:190.54,193.4 2 0
okami-qstn-bnk/internal/storage/gorm/gorm.go:195.3,196.27 2 0
okami-qstn-bnk/internal/storage/gorm/gorm.go:199.2,201.16 3 1
okami-qstn-bnk/internal/storage/gorm/gorm.go:201.16,204.3 2 0
okami-qstn-bnk/internal/storage/gorm/gorm.go:206.2,206.29 1 1
okami-qstn-bnk/internal/storage/gorm/gorm.go:210.72,212.25 2 1
okami-qstn-bnk/internal/storage/gorm/gorm.go:212.25,213.54 1 0
okami-qstn-bnk/internal/storage/gorm/gorm.go:213.54,216.4 2 0
okami-qstn-bnk/internal/storage/gorm/gorm.go:218.3,219.22 2 0
okami-qstn-bnk/internal/storage/gorm/gorm.go:222.2,222.12 1 1
okami-qstn-bnk/internal/storage/gorm/gorm.go:225.48,227.16 2 1
okami-qstn-bnk/internal/storage/gorm/gorm.go:227.16,230.3 2 0
okami-qstn-bnk/internal/storage/gorm/gorm.go:232.2,232.39 1 1
okami-qstn-bnk/internal/storage/gorm/gorm.go:232.39,235.3 2 0
okami-qstn-bnk/internal/storage/gorm/gorm.go:237.2,237.12 1 1
okami-qstn-bnk/internal/storage/gorm/gorm.go:240.49,242.16 2 1
okami-qstn-bnk/internal/storage/gorm/gorm.go:242.16,245.3 2 0
okami-qstn-bnk/internal/storage/gorm/gorm.go:247.2,247.40 1 1
okami-qstn-bnk/internal/storage/gorm/gorm.go:247.40,250.3 2 0
okami-qstn-bnk/internal/storage/gorm/gorm.go:252.2,252.12 1 1
okami-qstn-bnk/internal/storage/gorm/gorm.go:255.121,261.74 5 1
okami-qstn-bnk/internal/storage/gorm/gorm.go:261.74,264.3 2 1
okami-qstn-bnk/internal/storage/gorm/gorm.go:266.2,266.105 1 1
okami-qstn-bnk/internal/storage/gorm/gorm.go:266.105,269.3 2 0
okami-qstn-bnk/internal/storage/gorm/gorm.go:271.2,271.23 1 1
okami-qstn-bnk/internal/storage/gorm/gorm.go:271.23,273.3 1 1
okami-qstn-bnk/internal/storage/gorm/gorm.go:275.2,275.85 1 1
okami-qstn-bnk/internal/storage/gorm/gorm.go:275.85,278.3 2 0
okami-qstn-bnk/internal/storage/gorm/gorm.go:280.2,280.21 1 1
okami-qstn-bnk/internal/config/config.go:20.58,35.49 2 0
okami-qstn-bnk/internal/config/config.go:35.49,38.3 2 0
okami-qstn-bnk/internal/config/config.go:40.2,40.55 1 0
okami-qstn-bnk/internal/config/config.go:40.55,43.3 2 0
okami-qstn-bnk/internal/config/config.go:45.2,46.12 2 0
okami-qstn-bnk/internal/config/storage.go:17.52,28.2 2 0
okami-qstn-bnk/internal/config/storage.go:30.41,32.2 1 0
okami-qstn-bnk/cmd/server/main.go:17.13,23.59 5 0
okami-qstn-bnk/cmd/server/main.go:23.59,25.3 1 0
okami-qstn-bnk/cmd/server/main.go:27.2,36.12 8 0
okami-qstn-bnk/cmd/server/main.go:36.12,37.55 1 0
okami-qstn-bnk/cmd/server/main.go:37.55,40.4 2 0
okami-qstn-bnk/cmd/server/main.go:43.2,46.60 3 0
okami-qstn-bnk/cmd/server/main.go:46.60,49.3 2 0
okami-qstn-bnk/cmd/server/main.go:51.2,52.40 2 0
okami-qstn-bnk/cmd/server/main.go:52.40,55.3 2 0
okami-qstn-bnk/cmd/server/main.go:57.2,57.31 1 0
okami-qstn-bnk/mocks/service/service_mock.go:35.59,39.2 3 0
okami-qstn-bnk/mocks/service/service_mock.go:42.57,44.2 1 0
okami-qstn-bnk/mocks/service/service_mock.go:47.112,52.2 4 0
okami-qstn-bnk/mocks/service/service_mock.go:55.92,58.2 2 0
okami-qstn-bnk/mocks/service/service_mock.go:61.93,66.2 4 0
okami-qstn-bnk/mocks/service/service_mock.go:69.83,72.2 2 0
okami-qstn-bnk/mocks/service/service_mock.go:75.79,80.2 4 0
okami-qstn-bnk/mocks/service/service_mock.go:83.77,86.2 2 0
okami-qstn-bnk/mocks/service/service_mock.go:89.79,94.2 4 0
okami-qstn-bnk/mocks/service/service_mock.go:97.77,100.2 2 0
okami-qstn-bnk/mocks/service/service_mock.go:103.93,109.2 5 0
okami-qstn-bnk/mocks/service/service_mock.go:112.74,115.2 2 0
okami-qstn-bnk/mocks/service/service_mock.go:118.157,124.2 5 0
okami-qstn-bnk/mocks/service/service_mock.go:127.117,130.2 2 0
okami-qstn-bnk/mocks/service/service_mock.go:133.97,139.2 5 0
okami-qstn-bnk/mocks/service/service_mock.go:142.74,145.2 2 0
okami-qstn-bnk/mocks/service/service_mock.go:148.158,154.2 5 0
okami-qstn-bnk/mocks/service/service_mock.go:157.107,160.2 2 0
okami-qstn-bnk/mocks/service/service_mock.go:163.127,171.2 7 0
okami-qstn-bnk/mocks/service/service_mock.go:174.82,177.2 2 0
okami-qstn-bnk/mocks/service/service_mock.go:180.106,186.2 5 0
okami-qstn-bnk/mocks/service/service_mock.go:189.83,192.2 2 0
okami-qstn-bnk/mocks/service/service_mock.go:195.114,201.2 5 0
okami-qstn-bnk/mocks/service/service_mock.go:204.83,207.2 2 0
okami-qstn-bnk/internal/controller/http/fiber/controller.go:16.91,22.2 1 0
okami-qstn-bnk/internal/controller/http/fiber/controller.go:24.43,26.2 2 0
okami-qstn-bnk/internal/controller/http/fiber/controller.go:26.2,28.3 2 0
okami-qstn-bnk/internal/controller/http/fiber/controller.go:28.3,34.4 5 0
okami-qstn-bnk/internal/controller/http/fiber/controller.go:36.3,37.3 2 0
okami-qstn-bnk/internal/controller/http/fiber/controller.go:37.3,43.4 5 0
okami-qstn-bnk/internal/controller/http/fiber/controller.go:45.3,45.66 1 0
okami-qstn-bnk/internal/controller/http/fiber/helper.go:5.59,7.2 1 0
okami-qstn-bnk/internal/controller/http/fiber/questions-handlers.go:13.70,17.45 3 0
okami-qstn-bnk/internal/controller/http/fiber/questions-handlers.go:17.45,23.3 2 0
okami-qstn-bnk/internal/controller/http/fiber/questions-handlers.go:25.2,25.53 1 0
okami-qstn-bnk/internal/controller/http/fiber/questions-handlers.go:25.53,31.3 2 0
okami-qstn-bnk/internal/controller/http/fiber/questions-handlers.go:33.2,33.53 1 0
okami-qstn-bnk/internal/controller/http/fiber/questions-handlers.go:33.53,39.3 2 0
okami-qstn-bnk/internal/controller/http/fiber/questions-handlers.go:41.2,41.24 1 0
okami-qstn-bnk/internal/controller/http/fiber/questions-handlers.go:41.24,43.36 2 0
okami-qstn-bnk/internal/controller/http/fiber/questions-handlers.go:43.36,48.4 1 0
okami-qstn-bnk/internal/controller/http/fiber/questions-handlers.go:50.3,50.24 1 0
okami-qstn-bnk/internal/controller/http/fiber/questions-handlers.go:53.2,62.16 1 0
okami-qstn-bnk/internal/controller/http/fiber/questions-handlers.go:62.16,68.3 2 0
okami-qstn-bnk/internal/controller/http/fiber/questions-handlers.go:70.2,70.39 1 0
okami-qstn-bnk/internal/controller/http/fiber/questions-handlers.go:73.70,76.16 3 0
okami-qstn-bnk/internal/controller/http/fiber/questions-handlers.go:76.16,82.3 2 0
okami-qstn-bnk/internal/controller/http/fiber/questions-handlers.go:84.2,85.16 2 0
okami-qstn-bnk/internal/controller/http/fiber/questions-handlers.go:85.16,91.3 2 0
okami-qstn-bnk/internal/controller/http/fiber/questions-handlers.go:93.2,93.25 1 0
okami-qstn-bnk/internal/controller/http/fiber/questions-handlers.go:96.78,99.48 2 0
okami-qstn-bnk/internal/controller/http/fiber/questions-handlers.go:99.48,105.3 2 0
okami-qstn-bnk/internal/controller/http/fiber/questions-handlers.go:107.2,107.23 1 0
okami-qstn-bnk/internal/controller/http/fiber/questions-handlers.go:107.23,108.57 1 0
okami-qstn-bnk/internal/controller/http/fiber/questions-handlers.go:108.57,114.4 2 0
okami-qstn-bnk/internal/controller/http/fiber/questions-handlers.go:117.2,118.16 2 0
okami-qstn-bnk/internal/controller/http/fiber/questions-handlers.go:118.16,124.3 2 0
okami-qstn-bnk/internal/controller/http/fiber/questions-handlers.go:126.2,126.73 1 0
okami-qstn-bnk/internal/controller/http/fiber/questions-handlers.go:129.69,133.16 4 0
okami-qstn-bnk/internal/controller/http/fiber/questions-handlers.go:133.16,139.3 2 0
okami-qstn-bnk/internal/controller/http/fiber/questions-handlers.go:141.2,141.45 1 0
okami-qstn-bnk/internal/controller/http/fiber/questions-handlers.go:141.45,147.3 2 0
okami-qstn-bnk/internal/controller/http/fiber/questions-handlers.go:149.2,149.53 1 0
okami-qstn-bnk/internal/controller/http/fiber/questions-handlers.go:149.53,155.3 2 0
okami-qstn-bnk/internal/controller/http/fiber/questions-handlers.go:157.2,158.16 2 0
okami-qstn-bnk/internal/controller/http/fiber/questions-handlers.go:158.16,164.3 2 0
okami-qstn-bnk/internal/controller/http/fiber/questions-handlers.go:166.2,166.25 1 0
okami-qstn-bnk/internal/controller/http/fiber/questions-handlers.go:169.69,172.16 3 0
okami-qstn-bnk/internal/controller/http/fiber/questions-handlers.go:172.16,178.3 2 0
okami-qstn-bnk/internal/controller/http/fiber/questions-handlers.go:180.2,180.83 1 0
okami-qstn-bnk/internal/controller/http/fiber/questions-handlers.go:180.83,186.3 2 0
okami-qstn-bnk/internal/controller/http/fiber/questions-handlers.go:188.2,188.39 1 0
okami-qstn-bnk/internal/controller/http/fiber/templates-handlers.go:13.69,16.45 2 0
okami-qstn-bnk/internal/controller/http/fiber/templates-handlers.go:16.45,22.3 2 0
okami-qstn-bnk/internal/controller/http/fiber/templates-handlers.go:24.2,24.53 1 0
okami-qstn-bnk/internal/controller/http/fiber/templates-handlers.go:24.53,30.3 2 0
okami-qstn-bnk/internal/controller/http/fiber/templates-handlers.go:32.2,32.59 1 0
okami-qstn-bnk/internal/controller/http/fiber/templates-handlers.go:32.59,38.3 2 0
okami-qstn-bnk/internal/controller/http/fiber/templates-handlers.go:40.2,41.72 1 0
okami-qstn-bnk/internal/controller/http/fiber/templates-handlers.go:41.72,47.3 2 0
okami-qstn-bnk/internal/controller/http/fiber/templates-handlers.go:49.2,49.39 1 0
okami-qstn-bnk/internal/controller/http/fiber/templates-handlers.go:52.70,55.16 3 0
okami-qstn-bnk/internal/controller/http/fiber/templates-handlers.go:55.16,61.3 2 0
okami-qstn-bnk/internal/controller/http/fiber/templates-handlers.go:63.2,64.16 2 0
okami-qstn-bnk/internal/controller/http/fiber/templates-handlers.go:64.16,70.3 2 0
okami-qstn-bnk/internal/controller/http/fiber/templates-handlers.go:72.2,72.25 1 0
okami-qstn-bnk/internal/controller/http/fiber/templates-handlers.go:75.78,78.48 2 0
okami-qstn-bnk/internal/controller/http/fiber/templates-handlers.go:78.48,84.3 2 0
okami-qstn-bnk/internal/controller/http/fiber/templates-handlers.go:86.2,86.23 1 0
okami-qstn-bnk/internal/controller/http/fiber/templates-handlers.go:86.23,87.57 1 0
okami-qstn-bnk/internal/controller/http/fiber/templates-handlers.go:87.57,93.4 2 0
okami-qstn-bnk/internal/controller/http/fiber/templates-handlers.go:96.2,96.26 1 0
okami-qstn-bnk/internal/controller/http/fiber/templates-handlers.go:96.26,97.63 1 0
okami-qstn-bnk/internal/controller/http/fiber/templates-handlers.go:97.63,103.4 2 0
okami-qstn-bnk/internal/controller/http/fiber/templates-handlers.go:106.2,107.16 2 0
okami-qstn-bnk/internal/controller/http/fiber/templates-handlers.go:107.16,113.3 2 0
okami-qstn-bnk/internal/controller/http/fiber/templates-handlers.go:115.2,115.73 1 0
okami-qstn-bnk/internal/controller/http/fiber/templates-handlers.go:118.69,122.16 4 0
okami-qstn-bnk/internal/controller/http/fiber/templates-handlers.go:122.16,128.3 2 0
okami-qstn-bnk/internal/controller/http/fiber/templates-handlers.go:130.2,130.45 1 0
okami-qstn-bnk/internal/controller/http/fiber/templates-handlers.go:130.45,136.3 2 0
okami-qstn-bnk/internal/controller/http/fiber/templates-handlers.go:138.2,138.53 1 0
okami-qstn-bnk/internal/controller/http/fiber/templates-handlers.go:138.53,144.3 2 0
okami-qstn-bnk/internal/controller/http/fiber/templates-handlers.go:146.2,146.59 1 0
okami-qstn-bnk/internal/controller/http/fiber/templates-handlers.go:146.59,152.3 2 0
okami-qstn-bnk/internal/controller/http/fiber/templates-handlers.go:154.2,156.16 2 0
okami-qstn-bnk/internal/controller/http/fiber/templates-handlers.go:156.16,162.3 2 0
okami-qstn-bnk/internal/controller/http/fiber/templates-handlers.go:164.2,164.26 1 0
okami-qstn-bnk/internal/controller/http/fiber/templates-handlers.go:167.69,170.16 3 0
okami-qstn-bnk/internal/controller/http/fiber/templates-handlers.go:170.16,176.3 2 0
okami-qstn-bnk/internal/controller/http/fiber/templates-handlers.go:178.2,178.83 1 0
okami-qstn-bnk/internal/controller/http/fiber/templates-handlers.go:178.83,184.3 2 0
okami-qstn-bnk/internal/controller/http/fiber/templates-handlers.go:186.2,186.39 1 0
okami-qstn-bnk/internal/controller/http/fiber/test-handlers.go:10.66,13.45 2 0
okami-qstn-bnk/internal/controller/http/fiber/test-handlers.go:13.45,19.3 2 0
okami-qstn-bnk/internal/controller/http/fiber/test-handlers.go:21.2,22.16 2 0
okami-qstn-bnk/internal/controller/http/fiber/test-handlers.go:22.16,28.3 2 0
okami-qstn-bnk/internal/controller/http/fiber/test-handlers.go:30.2,31.39 2 0
okami-qstn-bnk/internal/controller/http/fiber/test-handlers.go:31.39,34.37 2 0
okami-qstn-bnk/internal/controller/http/fiber/test-handlers.go:34.37,35.47 1 0
okami-qstn-bnk/internal/controller/http/fiber/test-handlers.go:35.47,40.5 1 0
okami-qstn-bnk/internal/controller/http/fiber/test-handlers.go:43.3,49.4 1 0
okami-qstn-bnk/internal/controller/http/fiber/test-handlers.go:52.2,55.4 1 0
okami-qstn-bnk/mocks/storage/storage_mock.go:35.59,39.2 3 0
okami-qstn-bnk/mocks/storage/storage_mock.go:42.57,44.2 1 0
okami-qstn-bnk/mocks/storage/storage_mock.go:47.56,52.2 4 0
okami-qstn-bnk/mocks/storage/storage_mock.go:55.64,58.2 2 0
okami-qstn-bnk/mocks/storage/storage_mock.go:61.112,66.2 4 0
okami-qstn-bnk/mocks/storage/storage_mock.go:69.92,72.2 2 0
okami-qstn-bnk/mocks/storage/storage_mock.go:75.85,80.2 4 0
okami-qstn-bnk/mocks/storage/storage_mock.go:83.76,86.2 2 0
okami-qstn-bnk/mocks/storage/storage_mock.go:89.79,94.2 4 0
okami-qstn-bnk/mocks/storage/storage_mock.go:97.77,100.2 2 0
okami-qstn-bnk/mocks/storage/storage_mock.go:103.79,108.2 4 0
okami-qstn-bnk/mocks/storage/storage_mock.go:111.77,114.2 2 0
okami-qstn-bnk/mocks/storage/storage_mock.go:117.97,123.2 5 0
okami-qstn-bnk/mocks/storage/storage_mock.go:126.78,129.2 2 0
okami-qstn-bnk/mocks/storage/storage_mock.go:132.157,138.2 5 0
okami-qstn-bnk/mocks/storage/storage_mock.go:141.117,144.2 2 0
okami-qstn-bnk/mocks/storage/storage_mock.go:147.122,154.2 6 0
okami-qstn-bnk/mocks/storage/storage_mock.go:157.88,160.2 2 0
okami-qstn-bnk/mocks/storage/storage_mock.go:163.101,169.2 5 0
okami-qstn-bnk/mocks/storage/storage_mock.go:172.78,175.2 2 0
okami-qstn-bnk/mocks/storage/storage_mock.go:178.158,184.2 5 0
okami-qstn-bnk/mocks/storage/storage_mock.go:187.107,190.2 2 0
okami-qstn-bnk/mocks/storage/storage_mock.go:193.55,198.2 4 0
okami-qstn-bnk/mocks/storage/storage_mock.go:201.63,204.2 2 0
okami-qstn-bnk/mocks/storage/storage_mock.go:207.98,213.2 5 0
okami-qstn-bnk/mocks/storage/storage_mock.go:216.76,219.2 2 0
okami-qstn-bnk/mocks/storage/storage_mock.go:222.106,228.2 5 0
okami-qstn-bnk/mocks/storage/storage_mock.go:231.76,234.2 2 0
